<?xml version="1.0" encoding="UTF-8"?>
<testng-results ignored="0" total="1" passed="1" failed="0" skipped="0">
  <reporter-output>
  </reporter-output>
  <suite started-at="2020-08-28T08:32:34 IST" name="Default suite" finished-at="2020-08-28T08:32:36 IST" duration-ms="1328">
    <groups>
    </groups>
    <test started-at="2020-08-28T08:32:34 IST" name="Default test" finished-at="2020-08-28T08:32:36 IST" duration-ms="1328">
      <class name="fillo.FilloDemoUsingSelenium">
        <test-method signature="test1(java.util.HashMap)[pri:0, instance:fillo.FilloDemoUsingSelenium@36c88a32]" started-at="2020-08-28T08:32:36 IST" name="test1" data-provider="TestData" finished-at="2020-08-28T08:32:36 IST" duration-ms="23" status="PASS">
          <params>
            <param index="0">
              <value>
                <![CDATA[{LastName=Mehra, TCName=test1, FirstName=Ankit }]]>
              </value>
            </param>
          </params>
          <reporter-output>
          </reporter-output>
        </test-method> <!-- test1 -->
      </class> <!-- fillo.FilloDemoUsingSelenium -->
    </test> <!-- Default test -->
  </suite> <!-- Default suite -->
</testng-results>
